   1              		.cpu arm7tdmi
   2              		.fpu softvfp
   3              		.eabi_attribute 20, 1
   4              		.eabi_attribute 21, 1
   5              		.eabi_attribute 23, 3
   6              		.eabi_attribute 24, 1
   7              		.eabi_attribute 25, 1
   8              		.eabi_attribute 26, 1
   9              		.eabi_attribute 30, 6
  10              		.eabi_attribute 18, 4
  11              		.file	"keyboard.c"
  21              	.Ltext0:
  22              		.file 1 "../keyboard.c"
 1792              		.align	2
 1793              		.global	keyboard_init
 1795              	keyboard_init:
 1796              	.LFB0:
   1:../keyboard.c **** #include "44b.h"
   2:../keyboard.c **** #include "utils.h"
   3:../keyboard.c **** #include "keyboard.h"
   4:../keyboard.c **** 
   5:../keyboard.c **** #define KEY_VALUE_MASK	0x0f
   6:../keyboard.c **** 
   7:../keyboard.c **** int claveA[4];
   8:../keyboard.c **** int claveB[4];
   9:../keyboard.c **** extern unsigned int status;
  10:../keyboard.c **** static int key_read( void );
  11:../keyboard.c **** static void keyboard_ISR(void) __attribute__ ((interrupt ("IRQ")));
  12:../keyboard.c **** 
  13:../keyboard.c **** void keyboard_init( void ){
 1797              		.loc 1 13 0
 1798              		.cfi_startproc
 1799              		@ Function supports interworking.
 1800              		@ args = 0, pretend = 0, frame = 0
 1801              		@ frame_needed = 1, uses_anonymous_args = 0
 1802 0000 0DC0A0E1 		mov	ip, sp
 1803              	.LCFI0:
 1804              		.cfi_def_cfa_register 12
 1805 0004 00D82DE9 		stmfd	sp!, {fp, ip, lr, pc}
 1806 0008 04B04CE2 		sub	fp, ip, #4
 1807              		.cfi_offset 14, -8
 1808              		.cfi_offset 13, -12
 1809              		.cfi_offset 11, -16
 1810              	.LCFI1:
 1811              		.cfi_def_cfa 11, 4
  14:../keyboard.c **** 	pISR_EINT1 = (unsigned) keyboard_ISR;
 1812              		.loc 1 14 0
 1813 000c 6C309FE5 		ldr	r3, .L2
 1814 0010 6C209FE5 		ldr	r2, .L2+4
 1815 0014 002083E5 		str	r2, [r3, #0]
  15:../keyboard.c **** 	/* Configurar puerto G para interrupciones del teclado EINT1*/
  16:../keyboard.c **** 	rPCONG |= 0x000C;
 1816              		.loc 1 16 0
 1817 0018 68309FE5 		ldr	r3, .L2+8
 1818 001c 64209FE5 		ldr	r2, .L2+8
 1819 0020 002092E5 		ldr	r2, [r2, #0]
 1820 0024 0C2082E3 		orr	r2, r2, #12
 1821 0028 002083E5 		str	r2, [r3, #0]
  17:../keyboard.c **** 	/* Establecer ISR de teclado */
  18:../keyboard.c **** 	rEXTINT &= ~(0x000000E0);
 1822              		.loc 1 18 0
 1823 002c 58309FE5 		ldr	r3, .L2+12
 1824 0030 54209FE5 		ldr	r2, .L2+12
 1825 0034 002092E5 		ldr	r2, [r2, #0]
 1826 0038 E020C2E3 		bic	r2, r2, #224
 1827 003c 002083E5 		str	r2, [r3, #0]
  19:../keyboard.c **** 	rEXTINT |= 0x20;
 1828              		.loc 1 19 0
 1829 0040 44309FE5 		ldr	r3, .L2+12
 1830 0044 40209FE5 		ldr	r2, .L2+12
 1831 0048 002092E5 		ldr	r2, [r2, #0]
 1832 004c 202082E3 		orr	r2, r2, #32
 1833 0050 002083E5 		str	r2, [r3, #0]
  20:../keyboard.c **** 	/*Borrar interrupciones antes habilitar*/
  21:../keyboard.c **** 	rI_ISPC = BIT_EINT1;
 1834              		.loc 1 21 0
 1835 0054 34309FE5 		ldr	r3, .L2+16
 1836 0058 0124A0E3 		mov	r2, #16777216
 1837 005c 002083E5 		str	r2, [r3, #0]
  22:../keyboard.c ****     /* Desenmascara la línea del teclado y el bit global */
  23:../keyboard.c **** 	rINTMSK &= ~(BIT_GLOBAL | BIT_EINT1);
 1838              		.loc 1 23 0
 1839 0060 2C309FE5 		ldr	r3, .L2+20
 1840 0064 28209FE5 		ldr	r2, .L2+20
 1841 0068 002092E5 		ldr	r2, [r2, #0]
 1842 006c 0524C2E3 		bic	r2, r2, #83886080
 1843 0070 002083E5 		str	r2, [r3, #0]
  24:../keyboard.c **** }
 1844              		.loc 1 24 0
 1845 0074 0CD04BE2 		sub	sp, fp, #12
 1846 0078 00689DE8 		ldmfd	sp, {fp, sp, lr}
 1847 007c 1EFF2FE1 		bx	lr
 1848              	.L3:
 1849              		.align	2
 1850              	.L2:
 1851 0080 80FF7F0C 		.word	209715072
 1852 0084 00000000 		.word	keyboard_ISR
 1853 0088 4000D201 		.word	30539840
 1854 008c 5000D201 		.word	30539856
 1855 0090 2400E001 		.word	31457316
 1856 0094 0C00E001 		.word	31457292
 1857              		.cfi_endproc
 1858              	.LFE0:
 1860              		.align	2
 1862              	key_read:
 1863              	.LFB1:
  25:../keyboard.c **** 
  26:../keyboard.c **** static int key_read( void ){
 1864              		.loc 1 26 0
 1865              		.cfi_startproc
 1866              		@ Function supports interworking.
 1867              		@ args = 0, pretend = 0, frame = 8
 1868              		@ frame_needed = 1, uses_anonymous_args = 0
 1869 0098 0DC0A0E1 		mov	ip, sp
 1870              	.LCFI2:
 1871              		.cfi_def_cfa_register 12
 1872 009c 00D82DE9 		stmfd	sp!, {fp, ip, lr, pc}
 1873 00a0 04B04CE2 		sub	fp, ip, #4
 1874              		.cfi_offset 14, -8
 1875              		.cfi_offset 13, -12
 1876              		.cfi_offset 11, -16
 1877              	.LCFI3:
 1878              		.cfi_def_cfa 11, 4
 1879 00a4 08D04DE2 		sub	sp, sp, #8
  27:../keyboard.c **** 	int value;
  28:../keyboard.c **** 	char temp;
  29:../keyboard.c **** 
  30:../keyboard.c **** 	/* leer linea 1 */
  31:../keyboard.c **** 	temp = *(KEYBADDR+0xfd);
 1880              		.loc 1 31 0
 1881 00a8 2C329FE5 		ldr	r3, .L26
 1882 00ac 0030D3E5 		ldrb	r3, [r3, #0]
 1883 00b0 11304BE5 		strb	r3, [fp, #-17]
  32:../keyboard.c **** 	temp=temp & KEY_VALUE_MASK;
 1884              		.loc 1 32 0
 1885 00b4 11305BE5 		ldrb	r3, [fp, #-17]
 1886 00b8 0F3003E2 		and	r3, r3, #15
 1887 00bc 11304BE5 		strb	r3, [fp, #-17]
  33:../keyboard.c **** 	if(temp != KEY_VALUE_MASK)
 1888              		.loc 1 33 0
 1889 00c0 11305BE5 		ldrb	r3, [fp, #-17]	@ zero_extendqisi2
 1890 00c4 0F0053E3 		cmp	r3, #15
 1891 00c8 1800000A 		beq	.L5
  34:../keyboard.c **** 	{
  35:../keyboard.c **** 		if( temp == 0x0E )
 1892              		.loc 1 35 0
 1893 00cc 11305BE5 		ldrb	r3, [fp, #-17]	@ zero_extendqisi2
 1894 00d0 0E0053E3 		cmp	r3, #14
 1895 00d4 0200001A 		bne	.L6
  36:../keyboard.c **** 			value = 3;
 1896              		.loc 1 36 0
 1897 00d8 0330A0E3 		mov	r3, #3
 1898 00dc 10300BE5 		str	r3, [fp, #-16]
 1899 00e0 100000EA 		b	.L7
 1900              	.L6:
  37:../keyboard.c **** 		else if( temp == 0x0D )
 1901              		.loc 1 37 0
 1902 00e4 11305BE5 		ldrb	r3, [fp, #-17]	@ zero_extendqisi2
 1903 00e8 0D0053E3 		cmp	r3, #13
 1904 00ec 0200001A 		bne	.L8
  38:../keyboard.c **** 			value = 2;
 1905              		.loc 1 38 0
 1906 00f0 0230A0E3 		mov	r3, #2
 1907 00f4 10300BE5 		str	r3, [fp, #-16]
 1908 00f8 0A0000EA 		b	.L7
 1909              	.L8:
  39:../keyboard.c **** 		else if( temp == 0x0B )
 1910              		.loc 1 39 0
 1911 00fc 11305BE5 		ldrb	r3, [fp, #-17]	@ zero_extendqisi2
 1912 0100 0B0053E3 		cmp	r3, #11
 1913 0104 0200001A 		bne	.L9
  40:../keyboard.c **** 			value = 1;
 1914              		.loc 1 40 0
 1915 0108 0130A0E3 		mov	r3, #1
 1916 010c 10300BE5 		str	r3, [fp, #-16]
 1917 0110 040000EA 		b	.L7
 1918              	.L9:
  41:../keyboard.c **** 		else if( temp == 0x07 )
 1919              		.loc 1 41 0
 1920 0114 11305BE5 		ldrb	r3, [fp, #-17]	@ zero_extendqisi2
 1921 0118 070053E3 		cmp	r3, #7
 1922 011c 0100001A 		bne	.L7
  42:../keyboard.c **** 			value = 0;
 1923              		.loc 1 42 0
 1924 0120 0030A0E3 		mov	r3, #0
 1925 0124 10300BE5 		str	r3, [fp, #-16]
 1926              	.L7:
  43:../keyboard.c **** 		return value;
 1927              		.loc 1 43 0
 1928 0128 10301BE5 		ldr	r3, [fp, #-16]
 1929 012c 660000EA 		b	.L10
 1930              	.L5:
  44:../keyboard.c **** 	}
  45:../keyboard.c **** 	
  46:../keyboard.c **** 	/* linea 2 */
  47:../keyboard.c **** 	temp = *(KEYBADDR+0xfb);
 1931              		.loc 1 47 0
 1932 0130 A8319FE5 		ldr	r3, .L26+4
 1933 0134 0030D3E5 		ldrb	r3, [r3, #0]
 1934 0138 11304BE5 		strb	r3, [fp, #-17]
  48:../keyboard.c **** 	temp=temp & KEY_VALUE_MASK;
 1935              		.loc 1 48 0
 1936 013c 11305BE5 		ldrb	r3, [fp, #-17]
 1937 0140 0F3003E2 		and	r3, r3, #15
 1938 0144 11304BE5 		strb	r3, [fp, #-17]
  49:../keyboard.c **** 	if( temp  != KEY_VALUE_MASK)
 1939              		.loc 1 49 0
 1940 0148 11305BE5 		ldrb	r3, [fp, #-17]	@ zero_extendqisi2
 1941 014c 0F0053E3 		cmp	r3, #15
 1942 0150 1800000A 		beq	.L11
  50:../keyboard.c **** 	{
  51:../keyboard.c **** 		if( temp == 0x0E )
 1943              		.loc 1 51 0
 1944 0154 11305BE5 		ldrb	r3, [fp, #-17]	@ zero_extendqisi2
 1945 0158 0E0053E3 		cmp	r3, #14
 1946 015c 0200001A 		bne	.L12
  52:../keyboard.c **** 			value = 7;
 1947              		.loc 1 52 0
 1948 0160 0730A0E3 		mov	r3, #7
 1949 0164 10300BE5 		str	r3, [fp, #-16]
 1950 0168 100000EA 		b	.L13
 1951              	.L12:
  53:../keyboard.c **** 		else if( temp == 0x0D )
 1952              		.loc 1 53 0
 1953 016c 11305BE5 		ldrb	r3, [fp, #-17]	@ zero_extendqisi2
 1954 0170 0D0053E3 		cmp	r3, #13
 1955 0174 0200001A 		bne	.L14
  54:../keyboard.c **** 			value = 6;
 1956              		.loc 1 54 0
 1957 0178 0630A0E3 		mov	r3, #6
 1958 017c 10300BE5 		str	r3, [fp, #-16]
 1959 0180 0A0000EA 		b	.L13
 1960              	.L14:
  55:../keyboard.c **** 		else if( temp == 0x0B )
 1961              		.loc 1 55 0
 1962 0184 11305BE5 		ldrb	r3, [fp, #-17]	@ zero_extendqisi2
 1963 0188 0B0053E3 		cmp	r3, #11
 1964 018c 0200001A 		bne	.L15
  56:../keyboard.c **** 			value = 5;
 1965              		.loc 1 56 0
 1966 0190 0530A0E3 		mov	r3, #5
 1967 0194 10300BE5 		str	r3, [fp, #-16]
 1968 0198 040000EA 		b	.L13
 1969              	.L15:
  57:../keyboard.c **** 		else if( temp == 0x07 )
 1970              		.loc 1 57 0
 1971 019c 11305BE5 		ldrb	r3, [fp, #-17]	@ zero_extendqisi2
 1972 01a0 070053E3 		cmp	r3, #7
 1973 01a4 0100001A 		bne	.L13
  58:../keyboard.c **** 			value = 4;
 1974              		.loc 1 58 0
 1975 01a8 0430A0E3 		mov	r3, #4
 1976 01ac 10300BE5 		str	r3, [fp, #-16]
 1977              	.L13:
  59:../keyboard.c **** 		return value;
 1978              		.loc 1 59 0
 1979 01b0 10301BE5 		ldr	r3, [fp, #-16]
 1980 01b4 440000EA 		b	.L10
 1981              	.L11:
  60:../keyboard.c **** 	}
  61:../keyboard.c **** 	
  62:../keyboard.c **** 	/* linea 3 */
  63:../keyboard.c **** 	temp = *(KEYBADDR+0xf7);
 1982              		.loc 1 63 0
 1983 01b8 24319FE5 		ldr	r3, .L26+8
 1984 01bc 0030D3E5 		ldrb	r3, [r3, #0]
 1985 01c0 11304BE5 		strb	r3, [fp, #-17]
  64:../keyboard.c **** 	temp=temp & KEY_VALUE_MASK;
 1986              		.loc 1 64 0
 1987 01c4 11305BE5 		ldrb	r3, [fp, #-17]
 1988 01c8 0F3003E2 		and	r3, r3, #15
 1989 01cc 11304BE5 		strb	r3, [fp, #-17]
  65:../keyboard.c **** 	if( temp != KEY_VALUE_MASK)
 1990              		.loc 1 65 0
 1991 01d0 11305BE5 		ldrb	r3, [fp, #-17]	@ zero_extendqisi2
 1992 01d4 0F0053E3 		cmp	r3, #15
 1993 01d8 1800000A 		beq	.L16
  66:../keyboard.c **** 	{
  67:../keyboard.c **** 		if( temp == 0x0E )
 1994              		.loc 1 67 0
 1995 01dc 11305BE5 		ldrb	r3, [fp, #-17]	@ zero_extendqisi2
 1996 01e0 0E0053E3 		cmp	r3, #14
 1997 01e4 0200001A 		bne	.L17
  68:../keyboard.c **** 			value = 0xb;
 1998              		.loc 1 68 0
 1999 01e8 0B30A0E3 		mov	r3, #11
 2000 01ec 10300BE5 		str	r3, [fp, #-16]
 2001 01f0 100000EA 		b	.L18
 2002              	.L17:
  69:../keyboard.c **** 		else if( temp == 0x0D )
 2003              		.loc 1 69 0
 2004 01f4 11305BE5 		ldrb	r3, [fp, #-17]	@ zero_extendqisi2
 2005 01f8 0D0053E3 		cmp	r3, #13
 2006 01fc 0200001A 		bne	.L19
  70:../keyboard.c **** 			value = 0xa;
 2007              		.loc 1 70 0
 2008 0200 0A30A0E3 		mov	r3, #10
 2009 0204 10300BE5 		str	r3, [fp, #-16]
 2010 0208 0A0000EA 		b	.L18
 2011              	.L19:
  71:../keyboard.c **** 		else if( temp == 0x0B )
 2012              		.loc 1 71 0
 2013 020c 11305BE5 		ldrb	r3, [fp, #-17]	@ zero_extendqisi2
 2014 0210 0B0053E3 		cmp	r3, #11
 2015 0214 0200001A 		bne	.L20
  72:../keyboard.c **** 			value = 9;
 2016              		.loc 1 72 0
 2017 0218 0930A0E3 		mov	r3, #9
 2018 021c 10300BE5 		str	r3, [fp, #-16]
 2019 0220 040000EA 		b	.L18
 2020              	.L20:
  73:../keyboard.c **** 		else if( temp == 0x07 )
 2021              		.loc 1 73 0
 2022 0224 11305BE5 		ldrb	r3, [fp, #-17]	@ zero_extendqisi2
 2023 0228 070053E3 		cmp	r3, #7
 2024 022c 0100001A 		bne	.L18
  74:../keyboard.c **** 			value = 8;
 2025              		.loc 1 74 0
 2026 0230 0830A0E3 		mov	r3, #8
 2027 0234 10300BE5 		str	r3, [fp, #-16]
 2028              	.L18:
  75:../keyboard.c **** 		return value;
 2029              		.loc 1 75 0
 2030 0238 10301BE5 		ldr	r3, [fp, #-16]
 2031 023c 220000EA 		b	.L10
 2032              	.L16:
  76:../keyboard.c **** 	}
  77:../keyboard.c **** 	
  78:../keyboard.c **** 	/* linea 4 */
  79:../keyboard.c **** 	temp = *(KEYBADDR+0xef);
 2033              		.loc 1 79 0
 2034 0240 A0309FE5 		ldr	r3, .L26+12
 2035 0244 0030D3E5 		ldrb	r3, [r3, #0]
 2036 0248 11304BE5 		strb	r3, [fp, #-17]
  80:../keyboard.c **** 	temp=temp & KEY_VALUE_MASK;
 2037              		.loc 1 80 0
 2038 024c 11305BE5 		ldrb	r3, [fp, #-17]
 2039 0250 0F3003E2 		and	r3, r3, #15
 2040 0254 11304BE5 		strb	r3, [fp, #-17]
  81:../keyboard.c **** 	if(temp  != KEY_VALUE_MASK)
 2041              		.loc 1 81 0
 2042 0258 11305BE5 		ldrb	r3, [fp, #-17]	@ zero_extendqisi2
 2043 025c 0F0053E3 		cmp	r3, #15
 2044 0260 1800000A 		beq	.L21
  82:../keyboard.c **** 	{
  83:../keyboard.c **** 		if( temp == 0x0E )
 2045              		.loc 1 83 0
 2046 0264 11305BE5 		ldrb	r3, [fp, #-17]	@ zero_extendqisi2
 2047 0268 0E0053E3 		cmp	r3, #14
 2048 026c 0200001A 		bne	.L22
  84:../keyboard.c **** 			value = 0xf;
 2049              		.loc 1 84 0
 2050 0270 0F30A0E3 		mov	r3, #15
 2051 0274 10300BE5 		str	r3, [fp, #-16]
 2052 0278 100000EA 		b	.L23
 2053              	.L22:
  85:../keyboard.c **** 		else if( temp == 0x0D )
 2054              		.loc 1 85 0
 2055 027c 11305BE5 		ldrb	r3, [fp, #-17]	@ zero_extendqisi2
 2056 0280 0D0053E3 		cmp	r3, #13
 2057 0284 0200001A 		bne	.L24
  86:../keyboard.c **** 			value = 0xe;
 2058              		.loc 1 86 0
 2059 0288 0E30A0E3 		mov	r3, #14
 2060 028c 10300BE5 		str	r3, [fp, #-16]
 2061 0290 0A0000EA 		b	.L23
 2062              	.L24:
  87:../keyboard.c **** 		else if( temp == 0x0B )
 2063              		.loc 1 87 0
 2064 0294 11305BE5 		ldrb	r3, [fp, #-17]	@ zero_extendqisi2
 2065 0298 0B0053E3 		cmp	r3, #11
 2066 029c 0200001A 		bne	.L25
  88:../keyboard.c **** 			value = 0xd;
 2067              		.loc 1 88 0
 2068 02a0 0D30A0E3 		mov	r3, #13
 2069 02a4 10300BE5 		str	r3, [fp, #-16]
 2070 02a8 040000EA 		b	.L23
 2071              	.L25:
  89:../keyboard.c **** 		else if( temp == 0x07 )
 2072              		.loc 1 89 0
 2073 02ac 11305BE5 		ldrb	r3, [fp, #-17]	@ zero_extendqisi2
 2074 02b0 070053E3 		cmp	r3, #7
 2075 02b4 0100001A 		bne	.L23
  90:../keyboard.c **** 			value = 0xc;
 2076              		.loc 1 90 0
 2077 02b8 0C30A0E3 		mov	r3, #12
 2078 02bc 10300BE5 		str	r3, [fp, #-16]
 2079              	.L23:
  91:../keyboard.c **** 		return value;
 2080              		.loc 1 91 0
 2081 02c0 10301BE5 		ldr	r3, [fp, #-16]
 2082 02c4 000000EA 		b	.L10
 2083              	.L21:
  92:../keyboard.c **** 	}
  93:../keyboard.c **** 	return -1;
 2084              		.loc 1 93 0
 2085 02c8 0030E0E3 		mvn	r3, #0
 2086              	.L10:
  94:../keyboard.c **** }
 2087              		.loc 1 94 0
 2088 02cc 0300A0E1 		mov	r0, r3
 2089 02d0 0CD04BE2 		sub	sp, fp, #12
 2090 02d4 00689DE8 		ldmfd	sp, {fp, sp, lr}
 2091 02d8 1EFF2FE1 		bx	lr
 2092              	.L27:
 2093              		.align	2
 2094              	.L26:
 2095 02dc FD000006 		.word	100663549
 2096 02e0 FB000006 		.word	100663547
 2097 02e4 F7000006 		.word	100663543
 2098 02e8 EF000006 		.word	100663535
 2099              		.cfi_endproc
 2100              	.LFE1:
 2102              		.align	2
 2104              	keyboard_ISR:
 2105              	.LFB2:
  95:../keyboard.c **** 
  96:../keyboard.c **** static void keyboard_ISR(void){
 2106              		.loc 1 96 0
 2107              		.cfi_startproc
 2108              		@ Interrupt Service Routine.
 2109              		@ args = 0, pretend = 0, frame = 8
 2110              		@ frame_needed = 1, uses_anonymous_args = 0
 2111 02ec 04C02DE5 		str	ip, [sp, #-4]!
 2112 02f0 0DC0A0E1 		mov	ip, sp
 2113              	.LCFI4:
 2114              		.cfi_def_cfa_register 12
 2115 02f4 0FD82DE9 		stmfd	sp!, {r0, r1, r2, r3, fp, ip, lr, pc}
 2116 02f8 04B04CE2 		sub	fp, ip, #4
 2117              		.cfi_offset 14, -8
 2118              		.cfi_offset 13, -12
 2119              		.cfi_offset 11, -16
 2120              		.cfi_offset 3, -20
 2121              		.cfi_offset 2, -24
 2122              		.cfi_offset 1, -28
 2123              		.cfi_offset 0, -32
 2124              	.LCFI5:
 2125              		.cfi_def_cfa 11, 4
 2126 02fc 08D04DE2 		sub	sp, sp, #8
  97:../keyboard.c **** 	int key, i;
  98:../keyboard.c **** 
  99:../keyboard.c **** 	/* Eliminar rebotes de presion */
 100:../keyboard.c **** 	Delay(200);
 2127              		.loc 1 100 0
 2128 0300 C800A0E3 		mov	r0, #200
 2129 0304 FEFFFFEB 		bl	Delay
 101:../keyboard.c **** 
 102:../keyboard.c **** 	/* Escaneo de tecla */
 103:../keyboard.c **** 	key = key_read();
 2130              		.loc 1 103 0
 2131 0308 62FFFFEB 		bl	key_read
 2132 030c 24000BE5 		str	r0, [fp, #-36]
 104:../keyboard.c **** 
 105:../keyboard.c **** 	// En caso de error, key = -1
 106:../keyboard.c **** 	if ((key == 0xf) && ((status == 2) || (status == 0)))
 2133              		.loc 1 106 0
 2134 0310 24301BE5 		ldr	r3, [fp, #-36]
 2135 0314 0F0053E3 		cmp	r3, #15
 2136 0318 0D00001A 		bne	.L29
 2137              		.loc 1 106 0 is_stmt 0 discriminator 1
 2138 031c 50319FE5 		ldr	r3, .L40
 2139 0320 003093E5 		ldr	r3, [r3, #0]
 2140 0324 020053E3 		cmp	r3, #2
 2141 0328 0300000A 		beq	.L30
 2142 032c 40319FE5 		ldr	r3, .L40
 2143 0330 003093E5 		ldr	r3, [r3, #0]
 2144 0334 000053E3 		cmp	r3, #0
 2145 0338 0500001A 		bne	.L29
 2146              	.L30:
 107:../keyboard.c **** 		status++;
 2147              		.loc 1 107 0 is_stmt 1
 2148 033c 30319FE5 		ldr	r3, .L40
 2149 0340 003093E5 		ldr	r3, [r3, #0]
 2150 0344 012083E2 		add	r2, r3, #1
 2151 0348 24319FE5 		ldr	r3, .L40
 2152 034c 002083E5 		str	r2, [r3, #0]
 2153 0350 350000EA 		b	.L31
 2154              	.L29:
 108:../keyboard.c **** 	else if ((status == 0) && (key != -1)){
 2155              		.loc 1 108 0
 2156 0354 18319FE5 		ldr	r3, .L40
 2157 0358 003093E5 		ldr	r3, [r3, #0]
 2158 035c 000053E3 		cmp	r3, #0
 2159 0360 1600001A 		bne	.L32
 2160              		.loc 1 108 0 is_stmt 0 discriminator 1
 2161 0364 24301BE5 		ldr	r3, [fp, #-36]
 2162 0368 010073E3 		cmn	r3, #1
 2163 036c 1300000A 		beq	.L32
 109:../keyboard.c **** 		for(i = 2; i >= 0 ; i--)
 2164              		.loc 1 109 0 is_stmt 1
 2165 0370 0230A0E3 		mov	r3, #2
 2166 0374 20300BE5 		str	r3, [fp, #-32]
 2167 0378 090000EA 		b	.L33
 2168              	.L34:
 110:../keyboard.c **** 			claveA[i+1] = claveA[i];
 2169              		.loc 1 110 0 discriminator 2
 2170 037c 20301BE5 		ldr	r3, [fp, #-32]
 2171 0380 012083E2 		add	r2, r3, #1
 2172 0384 EC309FE5 		ldr	r3, .L40+4
 2173 0388 20101BE5 		ldr	r1, [fp, #-32]
 2174 038c 011193E7 		ldr	r1, [r3, r1, asl #2]
 2175 0390 E0309FE5 		ldr	r3, .L40+4
 2176 0394 021183E7 		str	r1, [r3, r2, asl #2]
 109:../keyboard.c **** 		for(i = 2; i >= 0 ; i--)
 2177              		.loc 1 109 0 discriminator 2
 2178 0398 20301BE5 		ldr	r3, [fp, #-32]
 2179 039c 013043E2 		sub	r3, r3, #1
 2180 03a0 20300BE5 		str	r3, [fp, #-32]
 2181              	.L33:
 109:../keyboard.c **** 		for(i = 2; i >= 0 ; i--)
 2182              		.loc 1 109 0 is_stmt 0 discriminator 1
 2183 03a4 20301BE5 		ldr	r3, [fp, #-32]
 2184 03a8 000053E3 		cmp	r3, #0
 2185 03ac F2FFFFAA 		bge	.L34
 111:../keyboard.c **** 		claveA[0] = key;
 2186              		.loc 1 111 0 is_stmt 1
 2187 03b0 C0309FE5 		ldr	r3, .L40+4
 2188 03b4 24201BE5 		ldr	r2, [fp, #-36]
 2189 03b8 002083E5 		str	r2, [r3, #0]
 2190 03bc 1A0000EA 		b	.L31
 2191              	.L32:
 112:../keyboard.c **** 	}
 113:../keyboard.c **** 	else if ((status == 2) && (key != -1)){
 2192              		.loc 1 113 0
 2193 03c0 AC309FE5 		ldr	r3, .L40
 2194 03c4 003093E5 		ldr	r3, [r3, #0]
 2195 03c8 020053E3 		cmp	r3, #2
 2196 03cc 1700001A 		bne	.L38
 2197              		.loc 1 113 0 is_stmt 0 discriminator 1
 2198 03d0 24301BE5 		ldr	r3, [fp, #-36]
 2199 03d4 010073E3 		cmn	r3, #1
 2200 03d8 1600000A 		beq	.L39
 114:../keyboard.c **** 		for(i = 2; i >= 0 ; i--)
 2201              		.loc 1 114 0 is_stmt 1
 2202 03dc 0230A0E3 		mov	r3, #2
 2203 03e0 20300BE5 		str	r3, [fp, #-32]
 2204 03e4 090000EA 		b	.L35
 2205              	.L36:
 115:../keyboard.c **** 			claveB[i+1] = claveB[i];
 2206              		.loc 1 115 0 discriminator 2
 2207 03e8 20301BE5 		ldr	r3, [fp, #-32]
 2208 03ec 012083E2 		add	r2, r3, #1
 2209 03f0 84309FE5 		ldr	r3, .L40+8
 2210 03f4 20101BE5 		ldr	r1, [fp, #-32]
 2211 03f8 011193E7 		ldr	r1, [r3, r1, asl #2]
 2212 03fc 78309FE5 		ldr	r3, .L40+8
 2213 0400 021183E7 		str	r1, [r3, r2, asl #2]
 114:../keyboard.c **** 		for(i = 2; i >= 0 ; i--)
 2214              		.loc 1 114 0 discriminator 2
 2215 0404 20301BE5 		ldr	r3, [fp, #-32]
 2216 0408 013043E2 		sub	r3, r3, #1
 2217 040c 20300BE5 		str	r3, [fp, #-32]
 2218              	.L35:
 114:../keyboard.c **** 		for(i = 2; i >= 0 ; i--)
 2219              		.loc 1 114 0 is_stmt 0 discriminator 1
 2220 0410 20301BE5 		ldr	r3, [fp, #-32]
 2221 0414 000053E3 		cmp	r3, #0
 2222 0418 F2FFFFAA 		bge	.L36
 116:../keyboard.c **** 		claveB[0] = key;
 2223              		.loc 1 116 0 is_stmt 1
 2224 041c 58309FE5 		ldr	r3, .L40+8
 2225 0420 24201BE5 		ldr	r2, [fp, #-36]
 2226 0424 002083E5 		str	r2, [r3, #0]
 117:../keyboard.c **** 	}
 118:../keyboard.c **** 
 119:../keyboard.c **** 	/* Esperar a que la tecla se suelte */
 120:../keyboard.c **** 	while (!(rPDATG & 0x02));
 2227              		.loc 1 120 0
 2228 0428 030000EA 		b	.L37
 2229              	.L31:
 2230 042c 020000EA 		b	.L37
 2231              	.L38:
 2232 0430 0000A0E1 		mov	r0, r0	@ nop
 2233 0434 000000EA 		b	.L37
 2234              	.L39:
 2235 0438 0000A0E1 		mov	r0, r0	@ nop
 2236              	.L37:
 2237              		.loc 1 120 0 is_stmt 0 discriminator 1
 2238 043c 3C309FE5 		ldr	r3, .L40+12
 2239 0440 003093E5 		ldr	r3, [r3, #0]
 2240 0444 023003E2 		and	r3, r3, #2
 2241 0448 000053E3 		cmp	r3, #0
 2242 044c FAFFFF0A 		beq	.L37
 121:../keyboard.c **** 
 122:../keyboard.c ****     /* Eliminar rebotes de depreson */
 123:../keyboard.c ****     Delay(200);
 2243              		.loc 1 123 0 is_stmt 1
 2244 0450 C800A0E3 		mov	r0, #200
 2245 0454 FEFFFFEB 		bl	Delay
 124:../keyboard.c **** 
 125:../keyboard.c ****     /* Borrar interrupciones pendientes */
 126:../keyboard.c ****     rI_ISPC = BIT_EINT1;
 2246              		.loc 1 126 0
 2247 0458 24309FE5 		ldr	r3, .L40+16
 2248 045c 0124A0E3 		mov	r2, #16777216
 2249 0460 002083E5 		str	r2, [r3, #0]
 127:../keyboard.c **** }
 2250              		.loc 1 127 0
 2251 0464 1CD04BE2 		sub	sp, fp, #28
 2252 0468 0F689DE8 		ldmfd	sp, {r0, r1, r2, r3, fp, sp, lr}
 2253 046c 04C09DE4 		ldmfd	sp!, {ip}
 2254 0470 04F05EE2 		subs	pc, lr, #4
 2255              	.L41:
 2256              		.align	2
 2257              	.L40:
 2258 0474 00000000 		.word	status
 2259 0478 00000000 		.word	claveA
 2260 047c 00000000 		.word	claveB
 2261 0480 4400D201 		.word	30539844
 2262 0484 2400E001 		.word	31457316
 2263              		.cfi_endproc
 2264              	.LFE2:
 2266              	.Letext0:
DEFINED SYMBOLS
                            *ABS*:00000000 keyboard.c
                            *COM*:00000010 claveA
                            *COM*:00000010 claveB
C:\Users\JONATH~1\AppData\Local\Temp\ccO8NZtm.s:1792   .text:00000000 $a
C:\Users\JONATH~1\AppData\Local\Temp\ccO8NZtm.s:1795   .text:00000000 keyboard_init
C:\Users\JONATH~1\AppData\Local\Temp\ccO8NZtm.s:1851   .text:00000080 $d
C:\Users\JONATH~1\AppData\Local\Temp\ccO8NZtm.s:2104   .text:000002ec keyboard_ISR
C:\Users\JONATH~1\AppData\Local\Temp\ccO8NZtm.s:1860   .text:00000098 $a
C:\Users\JONATH~1\AppData\Local\Temp\ccO8NZtm.s:1862   .text:00000098 key_read
C:\Users\JONATH~1\AppData\Local\Temp\ccO8NZtm.s:2095   .text:000002dc $d
C:\Users\JONATH~1\AppData\Local\Temp\ccO8NZtm.s:2102   .text:000002ec $a
C:\Users\JONATH~1\AppData\Local\Temp\ccO8NZtm.s:2258   .text:00000474 $d
                     .debug_frame:00000010 $d

UNDEFINED SYMBOLS
Delay
status
