   1              		.cpu arm7tdmi
   2              		.fpu softvfp
   3              		.eabi_attribute 20, 1
   4              		.eabi_attribute 21, 1
   5              		.eabi_attribute 23, 3
   6              		.eabi_attribute 24, 1
   7              		.eabi_attribute 25, 1
   8              		.eabi_attribute 26, 1
   9              		.eabi_attribute 30, 6
  10              		.eabi_attribute 18, 4
  11              		.file	"main.c"
  21              	.Ltext0:
  22              		.file 1 "../main.c"
 1811              		.align	2
 1812              		.global	intcont_init
 1814              	intcont_init:
 1815              	.LFB0:
   1:../main.c     **** /*-------------------------------------------------------------------
   2:../main.c     **** **
   3:../main.c     **** **  Fichero:
   4:../main.c     **** **    main.c  10/6/2014
   5:../main.c     **** **
   6:../main.c     **** **    Estructura de Computadores
   7:../main.c     **** **    Dpto. de Arquitectura de Computadores y Automática
   8:../main.c     **** **    Facultad de Informática. Universidad Complutense de Madrid
   9:../main.c     **** **
  10:../main.c     **** **  Propósito:
  11:../main.c     **** **    Implementa un contador start/stop
  12:../main.c     **** **
  13:../main.c     **** **  Notas de diseño:
  14:../main.c     **** **
  15:../main.c     **** **-----------------------------------------------------------------*/
  16:../main.c     **** 
  17:../main.c     **** #include "44b.h"
  18:../main.c     **** #include "utils.h"
  19:../main.c     **** #include "leds.h"
  20:../main.c     **** #include "D8Led.h"
  21:../main.c     **** #include "button.h"
  22:../main.c     **** #include "timer.h"
  23:../main.c     **** 
  24:../main.c     **** 
  25:../main.c     **** /**** IMPLEMENTAR DE LA PARTE 1 *******/
  26:../main.c     **** void intcont_init(void) {
 1816              		.loc 1 26 0
 1817              		.cfi_startproc
 1818              		@ Function supports interworking.
 1819              		@ args = 0, pretend = 0, frame = 0
 1820              		@ frame_needed = 1, uses_anonymous_args = 0
 1821 0000 0DC0A0E1 		mov	ip, sp
 1822              	.LCFI0:
 1823              		.cfi_def_cfa_register 12
 1824 0004 00D82DE9 		stmfd	sp!, {fp, ip, lr, pc}
 1825 0008 04B04CE2 		sub	fp, ip, #4
 1826              		.cfi_offset 14, -8
 1827              		.cfi_offset 13, -12
 1828              		.cfi_offset 11, -16
 1829              	.LCFI1:
 1830              		.cfi_def_cfa 11, 4
  27:../main.c     **** 	rINTCON = 0x0;
 1831              		.loc 1 27 0
 1832 000c 1E36A0E3 		mov	r3, #31457280
 1833 0010 0020A0E3 		mov	r2, #0
 1834 0014 002083E5 		str	r2, [r3, #0]
  28:../main.c     **** 	rINTMOD = 0x0;
 1835              		.loc 1 28 0
 1836 0018 34309FE5 		ldr	r3, .L2
 1837 001c 0020A0E3 		mov	r2, #0
 1838 0020 002083E5 		str	r2, [r3, #0]
  29:../main.c     **** 	rI_ISPC = 0xfffff;
 1839              		.loc 1 29 0
 1840 0024 2C309FE5 		ldr	r3, .L2+4
 1841 0028 2C209FE5 		ldr	r2, .L2+8
 1842 002c 002083E5 		str	r2, [r3, #0]
  30:../main.c     **** 	rEXTINTPND =  0xf;
 1843              		.loc 1 30 0
 1844 0030 28309FE5 		ldr	r3, .L2+12
 1845 0034 0F20A0E3 		mov	r2, #15
 1846 0038 002083E5 		str	r2, [r3, #0]
  31:../main.c     **** 	rINTMSK = 0x3ffffff;
 1847              		.loc 1 31 0
 1848 003c 20309FE5 		ldr	r3, .L2+16
 1849 0040 3F23E0E3 		mvn	r2, #-67108864
 1850 0044 002083E5 		str	r2, [r3, #0]
  32:../main.c     **** }
 1851              		.loc 1 32 0
 1852 0048 0CD04BE2 		sub	sp, fp, #12
 1853 004c 00689DE8 		ldmfd	sp, {fp, sp, lr}
 1854 0050 1EFF2FE1 		bx	lr
 1855              	.L3:
 1856              		.align	2
 1857              	.L2:
 1858 0054 0800E001 		.word	31457288
 1859 0058 2400E001 		.word	31457316
 1860 005c FFFF0F00 		.word	1048575
 1861 0060 5400D201 		.word	30539860
 1862 0064 0C00E001 		.word	31457292
 1863              		.cfi_endproc
 1864              	.LFE0:
 1866              		.align	2
 1867              		.global	main
 1869              	main:
 1870              	.LFB1:
  33:../main.c     **** 
  34:../main.c     **** int main(void)
  35:../main.c     **** {	
 1871              		.loc 1 35 0
 1872              		.cfi_startproc
 1873              		@ Function supports interworking.
 1874              		@ args = 0, pretend = 0, frame = 0
 1875              		@ frame_needed = 1, uses_anonymous_args = 0
 1876 0068 0DC0A0E1 		mov	ip, sp
 1877              	.LCFI2:
 1878              		.cfi_def_cfa_register 12
 1879 006c 00D82DE9 		stmfd	sp!, {fp, ip, lr, pc}
 1880 0070 04B04CE2 		sub	fp, ip, #4
 1881              		.cfi_offset 14, -8
 1882              		.cfi_offset 13, -12
 1883              		.cfi_offset 11, -16
 1884              	.LCFI3:
 1885              		.cfi_def_cfa 11, 4
  36:../main.c     **** 	/* Configura el controlador de interrupciones */
  37:../main.c     **** 	intcont_init();
 1886              		.loc 1 37 0
 1887 0074 FEFFFFEB 		bl	intcont_init
  38:../main.c     **** 
  39:../main.c     **** 	leds_init();
 1888              		.loc 1 39 0
 1889 0078 FEFFFFEB 		bl	leds_init
  40:../main.c     **** 	led2_off();
 1890              		.loc 1 40 0
 1891 007c FEFFFFEB 		bl	led2_off
  41:../main.c     **** 	led1_on();
 1892              		.loc 1 41 0
 1893 0080 FEFFFFEB 		bl	led1_on
  42:../main.c     **** 
  43:../main.c     **** 	D8Led_init();
 1894              		.loc 1 43 0
 1895 0084 FEFFFFEB 		bl	D8Led_init
  44:../main.c     **** 	D8Led_digit( 0 );  	/* muestra el simbolo inicial en el display */
 1896              		.loc 1 44 0
 1897 0088 0000A0E3 		mov	r0, #0
 1898 008c FEFFFFEB 		bl	D8Led_digit
  45:../main.c     **** 	Delay(0);
 1899              		.loc 1 45 0
 1900 0090 0000A0E3 		mov	r0, #0
 1901 0094 FEFFFFEB 		bl	Delay
  46:../main.c     **** 
  47:../main.c     **** 	button_init();
 1902              		.loc 1 47 0
 1903 0098 FEFFFFEB 		bl	button_init
  48:../main.c     **** 	timer_init();
 1904              		.loc 1 48 0
 1905 009c FEFFFFEB 		bl	timer_init
 1906              	.L5:
  49:../main.c     **** 
  50:../main.c     ****     while(1);
 1907              		.loc 1 50 0 discriminator 1
 1908 00a0 FEFFFFEA 		b	.L5
 1909              		.cfi_endproc
 1910              	.LFE1:
 1912              	.Letext0:
DEFINED SYMBOLS
                            *ABS*:00000000 main.c
C:\Users\USUARI~1\AppData\Local\Temp\cczlkmeE.s:1811   .text:00000000 $a
C:\Users\USUARI~1\AppData\Local\Temp\cczlkmeE.s:1814   .text:00000000 intcont_init
C:\Users\USUARI~1\AppData\Local\Temp\cczlkmeE.s:1858   .text:00000054 $d
C:\Users\USUARI~1\AppData\Local\Temp\cczlkmeE.s:1866   .text:00000068 $a
C:\Users\USUARI~1\AppData\Local\Temp\cczlkmeE.s:1869   .text:00000068 main
                     .debug_frame:00000010 $d

UNDEFINED SYMBOLS
leds_init
led2_off
led1_on
D8Led_init
D8Led_digit
Delay
button_init
timer_init
