   1              		.cpu arm7tdmi
   2              		.fpu softvfp
   3              		.eabi_attribute 20, 1
   4              		.eabi_attribute 21, 1
   5              		.eabi_attribute 23, 3
   6              		.eabi_attribute 24, 1
   7              		.eabi_attribute 25, 1
   8              		.eabi_attribute 26, 1
   9              		.eabi_attribute 30, 6
  10              		.eabi_attribute 18, 4
  11              		.file	"leds.c"
  21              	.Ltext0:
  22              		.file 1 "../leds.c"
 1791              		.align	2
 1792              	status:
 1793 0000 00000000 		.space	4
 1794              		.text
 1795              		.align	2
 1796              		.global	leds_init
 1798              	leds_init:
 1799              	.LFB0:
   1:../leds.c     **** /*-------------------------------------------------------------------
   2:../leds.c     **** **
   3:../leds.c     **** **  Fichero:
   4:../leds.c     **** **    leds.c  10/6/2014
   5:../leds.c     **** **
   6:../leds.c     **** **    Estructura de Computadores
   7:../leds.c     **** **    Dpto. de Arquitectura de Computadores y Automática
   8:../leds.c     **** **    Facultad de Informática. Universidad Complutense de Madrid
   9:../leds.c     **** **
  10:../leds.c     **** **  Propósito:
  11:../leds.c     **** **    Contiene las implementaciones de las funciones
  12:../leds.c     **** **    para el acceso a los leds de la placa de prototipado
  13:../leds.c     **** **
  14:../leds.c     **** **  Notas de diseño:
  15:../leds.c     **** **    Equivale al fichero homónimo usado en Fundamentos de Computadores 
  16:../leds.c     **** **
  17:../leds.c     **** **-----------------------------------------------------------------*/
  18:../leds.c     **** 
  19:../leds.c     **** #include "44b.h"
  20:../leds.c     **** #include "leds.h"
  21:../leds.c     **** 
  22:../leds.c     **** // Mascaras de bits
  23:../leds.c     **** #define LED1 0x01
  24:../leds.c     **** #define LED2 0x02
  25:../leds.c     **** #define BIT_LED1 (0x1 << 9)
  26:../leds.c     **** #define BIT_LED2 (0x1 << 10)
  27:../leds.c     **** 
  28:../leds.c     **** // status representa el estado de los leds
  29:../leds.c     **** // sólo tienen sentido los dos bits menos
  30:../leds.c     **** // significativos, cada uno para un led
  31:../leds.c     **** // 1 encendido y 0 apagado
  32:../leds.c     **** static unsigned int status = 0;
  33:../leds.c     **** 
  34:../leds.c     **** // Configura puerto B para usar los leds como salida
  35:../leds.c     **** // Enciende los leds de acuerdo al valor de status
  36:../leds.c     **** void leds_init( void ){
 1800              		.loc 1 36 0
 1801              		.cfi_startproc
 1802              		@ Function supports interworking.
 1803              		@ args = 0, pretend = 0, frame = 0
 1804              		@ frame_needed = 1, uses_anonymous_args = 0
 1805 0000 0DC0A0E1 		mov	ip, sp
 1806              	.LCFI0:
 1807              		.cfi_def_cfa_register 12
 1808 0004 00D82DE9 		stmfd	sp!, {fp, ip, lr, pc}
 1809 0008 04B04CE2 		sub	fp, ip, #4
 1810              		.cfi_offset 14, -8
 1811              		.cfi_offset 13, -12
 1812              		.cfi_offset 11, -16
 1813              	.LCFI1:
 1814              		.cfi_def_cfa 11, 4
  37:../leds.c     **** 	rPCONB = 0x1ff;
 1815              		.loc 1 37 0
 1816 000c 2C309FE5 		ldr	r3, .L2
 1817 0010 2C209FE5 		ldr	r2, .L2+4
 1818 0014 002083E5 		str	r2, [r3, #0]
  38:../leds.c     **** 	rPDATB = 0x000;
 1819              		.loc 1 38 0
 1820 0018 28309FE5 		ldr	r3, .L2+8
 1821 001c 0020A0E3 		mov	r2, #0
 1822 0020 002083E5 		str	r2, [r3, #0]
  39:../leds.c     **** 	leds_display(status);
 1823              		.loc 1 39 0
 1824 0024 20309FE5 		ldr	r3, .L2+12
 1825 0028 003093E5 		ldr	r3, [r3, #0]
 1826 002c 0300A0E1 		mov	r0, r3
 1827 0030 FEFFFFEB 		bl	leds_display
  40:../leds.c     **** 	//status = 0x3;
  41:../leds.c     **** }
 1828              		.loc 1 41 0
 1829 0034 0CD04BE2 		sub	sp, fp, #12
 1830 0038 00689DE8 		ldmfd	sp, {fp, sp, lr}
 1831 003c 1EFF2FE1 		bx	lr
 1832              	.L3:
 1833              		.align	2
 1834              	.L2:
 1835 0040 0800D201 		.word	30539784
 1836 0044 FF010000 		.word	511
 1837 0048 0C00D201 		.word	30539788
 1838 004c 00000000 		.word	status
 1839              		.cfi_endproc
 1840              	.LFE0:
 1842              		.align	2
 1843              		.global	switchLed1
 1845              	switchLed1:
 1846              	.LFB1:
  42:../leds.c     **** 
  43:../leds.c     **** // Modificar status para que el LED1 cambie su estado
  44:../leds.c     **** // Actualizar el estado de los leds usando leds_display
  45:../leds.c     **** void switchLed1( void )
  46:../leds.c     **** {
 1847              		.loc 1 46 0
 1848              		.cfi_startproc
 1849              		@ Function supports interworking.
 1850              		@ args = 0, pretend = 0, frame = 0
 1851              		@ frame_needed = 1, uses_anonymous_args = 0
 1852 0050 0DC0A0E1 		mov	ip, sp
 1853              	.LCFI2:
 1854              		.cfi_def_cfa_register 12
 1855 0054 00D82DE9 		stmfd	sp!, {fp, ip, lr, pc}
 1856 0058 04B04CE2 		sub	fp, ip, #4
 1857              		.cfi_offset 14, -8
 1858              		.cfi_offset 13, -12
 1859              		.cfi_offset 11, -16
 1860              	.LCFI3:
 1861              		.cfi_def_cfa 11, 4
  47:../leds.c     **** 	status ^= LED1;
 1862              		.loc 1 47 0
 1863 005c 28309FE5 		ldr	r3, .L5
 1864 0060 003093E5 		ldr	r3, [r3, #0]
 1865 0064 012023E2 		eor	r2, r3, #1
 1866 0068 1C309FE5 		ldr	r3, .L5
 1867 006c 002083E5 		str	r2, [r3, #0]
  48:../leds.c     **** 	leds_display( status );
 1868              		.loc 1 48 0
 1869 0070 14309FE5 		ldr	r3, .L5
 1870 0074 003093E5 		ldr	r3, [r3, #0]
 1871 0078 0300A0E1 		mov	r0, r3
 1872 007c FEFFFFEB 		bl	leds_display
  49:../leds.c     **** }
 1873              		.loc 1 49 0
 1874 0080 0CD04BE2 		sub	sp, fp, #12
 1875 0084 00689DE8 		ldmfd	sp, {fp, sp, lr}
 1876 0088 1EFF2FE1 		bx	lr
 1877              	.L6:
 1878              		.align	2
 1879              	.L5:
 1880 008c 00000000 		.word	status
 1881              		.cfi_endproc
 1882              	.LFE1:
 1884              		.align	2
 1885              		.global	switchLed2
 1887              	switchLed2:
 1888              	.LFB2:
  50:../leds.c     **** 
  51:../leds.c     **** // Modificar status para que el LED2 cambie su estado
  52:../leds.c     **** // Actualizar el estado de los leds usando leds_display
  53:../leds.c     **** void switchLed2( void )
  54:../leds.c     **** {
 1889              		.loc 1 54 0
 1890              		.cfi_startproc
 1891              		@ Function supports interworking.
 1892              		@ args = 0, pretend = 0, frame = 0
 1893              		@ frame_needed = 1, uses_anonymous_args = 0
 1894 0090 0DC0A0E1 		mov	ip, sp
 1895              	.LCFI4:
 1896              		.cfi_def_cfa_register 12
 1897 0094 00D82DE9 		stmfd	sp!, {fp, ip, lr, pc}
 1898 0098 04B04CE2 		sub	fp, ip, #4
 1899              		.cfi_offset 14, -8
 1900              		.cfi_offset 13, -12
 1901              		.cfi_offset 11, -16
 1902              	.LCFI5:
 1903              		.cfi_def_cfa 11, 4
  55:../leds.c     **** 	status ^= LED2;
 1904              		.loc 1 55 0
 1905 009c 28309FE5 		ldr	r3, .L8
 1906 00a0 003093E5 		ldr	r3, [r3, #0]
 1907 00a4 022023E2 		eor	r2, r3, #2
 1908 00a8 1C309FE5 		ldr	r3, .L8
 1909 00ac 002083E5 		str	r2, [r3, #0]
  56:../leds.c     **** 	leds_display( status );
 1910              		.loc 1 56 0
 1911 00b0 14309FE5 		ldr	r3, .L8
 1912 00b4 003093E5 		ldr	r3, [r3, #0]
 1913 00b8 0300A0E1 		mov	r0, r3
 1914 00bc FEFFFFEB 		bl	leds_display
  57:../leds.c     **** }
 1915              		.loc 1 57 0
 1916 00c0 0CD04BE2 		sub	sp, fp, #12
 1917 00c4 00689DE8 		ldmfd	sp, {fp, sp, lr}
 1918 00c8 1EFF2FE1 		bx	lr
 1919              	.L9:
 1920              		.align	2
 1921              	.L8:
 1922 00cc 00000000 		.word	status
 1923              		.cfi_endproc
 1924              	.LFE2:
 1926              		.align	2
 1927              		.global	led1_on
 1929              	led1_on:
 1930              	.LFB3:
  58:../leds.c     **** 
  59:../leds.c     **** 
  60:../leds.c     **** void led1_on( void )
  61:../leds.c     **** {
 1931              		.loc 1 61 0
 1932              		.cfi_startproc
 1933              		@ Function supports interworking.
 1934              		@ args = 0, pretend = 0, frame = 0
 1935              		@ frame_needed = 1, uses_anonymous_args = 0
 1936 00d0 0DC0A0E1 		mov	ip, sp
 1937              	.LCFI6:
 1938              		.cfi_def_cfa_register 12
 1939 00d4 00D82DE9 		stmfd	sp!, {fp, ip, lr, pc}
 1940 00d8 04B04CE2 		sub	fp, ip, #4
 1941              		.cfi_offset 14, -8
 1942              		.cfi_offset 13, -12
 1943              		.cfi_offset 11, -16
 1944              	.LCFI7:
 1945              		.cfi_def_cfa 11, 4
  62:../leds.c     **** 	status &=  ~LED1;
 1946              		.loc 1 62 0
 1947 00dc 28309FE5 		ldr	r3, .L11
 1948 00e0 003093E5 		ldr	r3, [r3, #0]
 1949 00e4 0120C3E3 		bic	r2, r3, #1
 1950 00e8 1C309FE5 		ldr	r3, .L11
 1951 00ec 002083E5 		str	r2, [r3, #0]
  63:../leds.c     **** 	leds_display( status );
 1952              		.loc 1 63 0
 1953 00f0 14309FE5 		ldr	r3, .L11
 1954 00f4 003093E5 		ldr	r3, [r3, #0]
 1955 00f8 0300A0E1 		mov	r0, r3
 1956 00fc FEFFFFEB 		bl	leds_display
  64:../leds.c     **** }
 1957              		.loc 1 64 0
 1958 0100 0CD04BE2 		sub	sp, fp, #12
 1959 0104 00689DE8 		ldmfd	sp, {fp, sp, lr}
 1960 0108 1EFF2FE1 		bx	lr
 1961              	.L12:
 1962              		.align	2
 1963              	.L11:
 1964 010c 00000000 		.word	status
 1965              		.cfi_endproc
 1966              	.LFE3:
 1968              		.align	2
 1969              		.global	led1_off
 1971              	led1_off:
 1972              	.LFB4:
  65:../leds.c     **** 
  66:../leds.c     **** void led1_off( void )
  67:../leds.c     **** {
 1973              		.loc 1 67 0
 1974              		.cfi_startproc
 1975              		@ Function supports interworking.
 1976              		@ args = 0, pretend = 0, frame = 0
 1977              		@ frame_needed = 1, uses_anonymous_args = 0
 1978 0110 0DC0A0E1 		mov	ip, sp
 1979              	.LCFI8:
 1980              		.cfi_def_cfa_register 12
 1981 0114 00D82DE9 		stmfd	sp!, {fp, ip, lr, pc}
 1982 0118 04B04CE2 		sub	fp, ip, #4
 1983              		.cfi_offset 14, -8
 1984              		.cfi_offset 13, -12
 1985              		.cfi_offset 11, -16
 1986              	.LCFI9:
 1987              		.cfi_def_cfa 11, 4
  68:../leds.c     **** 	status |=  LED1;
 1988              		.loc 1 68 0
 1989 011c 28309FE5 		ldr	r3, .L14
 1990 0120 003093E5 		ldr	r3, [r3, #0]
 1991 0124 012083E3 		orr	r2, r3, #1
 1992 0128 1C309FE5 		ldr	r3, .L14
 1993 012c 002083E5 		str	r2, [r3, #0]
  69:../leds.c     **** 	leds_display( status );
 1994              		.loc 1 69 0
 1995 0130 14309FE5 		ldr	r3, .L14
 1996 0134 003093E5 		ldr	r3, [r3, #0]
 1997 0138 0300A0E1 		mov	r0, r3
 1998 013c FEFFFFEB 		bl	leds_display
  70:../leds.c     **** }
 1999              		.loc 1 70 0
 2000 0140 0CD04BE2 		sub	sp, fp, #12
 2001 0144 00689DE8 		ldmfd	sp, {fp, sp, lr}
 2002 0148 1EFF2FE1 		bx	lr
 2003              	.L15:
 2004              		.align	2
 2005              	.L14:
 2006 014c 00000000 		.word	status
 2007              		.cfi_endproc
 2008              	.LFE4:
 2010              		.align	2
 2011              		.global	led2_on
 2013              	led2_on:
 2014              	.LFB5:
  71:../leds.c     **** 
  72:../leds.c     **** void led2_on( void )
  73:../leds.c     **** {
 2015              		.loc 1 73 0
 2016              		.cfi_startproc
 2017              		@ Function supports interworking.
 2018              		@ args = 0, pretend = 0, frame = 0
 2019              		@ frame_needed = 1, uses_anonymous_args = 0
 2020 0150 0DC0A0E1 		mov	ip, sp
 2021              	.LCFI10:
 2022              		.cfi_def_cfa_register 12
 2023 0154 00D82DE9 		stmfd	sp!, {fp, ip, lr, pc}
 2024 0158 04B04CE2 		sub	fp, ip, #4
 2025              		.cfi_offset 14, -8
 2026              		.cfi_offset 13, -12
 2027              		.cfi_offset 11, -16
 2028              	.LCFI11:
 2029              		.cfi_def_cfa 11, 4
  74:../leds.c     **** 	status &=  ~LED2;
 2030              		.loc 1 74 0
 2031 015c 28309FE5 		ldr	r3, .L17
 2032 0160 003093E5 		ldr	r3, [r3, #0]
 2033 0164 0220C3E3 		bic	r2, r3, #2
 2034 0168 1C309FE5 		ldr	r3, .L17
 2035 016c 002083E5 		str	r2, [r3, #0]
  75:../leds.c     **** 	leds_display( status );
 2036              		.loc 1 75 0
 2037 0170 14309FE5 		ldr	r3, .L17
 2038 0174 003093E5 		ldr	r3, [r3, #0]
 2039 0178 0300A0E1 		mov	r0, r3
 2040 017c FEFFFFEB 		bl	leds_display
  76:../leds.c     **** }
 2041              		.loc 1 76 0
 2042 0180 0CD04BE2 		sub	sp, fp, #12
 2043 0184 00689DE8 		ldmfd	sp, {fp, sp, lr}
 2044 0188 1EFF2FE1 		bx	lr
 2045              	.L18:
 2046              		.align	2
 2047              	.L17:
 2048 018c 00000000 		.word	status
 2049              		.cfi_endproc
 2050              	.LFE5:
 2052              		.align	2
 2053              		.global	led2_off
 2055              	led2_off:
 2056              	.LFB6:
  77:../leds.c     **** 
  78:../leds.c     **** void led2_off( void )
  79:../leds.c     **** {
 2057              		.loc 1 79 0
 2058              		.cfi_startproc
 2059              		@ Function supports interworking.
 2060              		@ args = 0, pretend = 0, frame = 0
 2061              		@ frame_needed = 1, uses_anonymous_args = 0
 2062 0190 0DC0A0E1 		mov	ip, sp
 2063              	.LCFI12:
 2064              		.cfi_def_cfa_register 12
 2065 0194 00D82DE9 		stmfd	sp!, {fp, ip, lr, pc}
 2066 0198 04B04CE2 		sub	fp, ip, #4
 2067              		.cfi_offset 14, -8
 2068              		.cfi_offset 13, -12
 2069              		.cfi_offset 11, -16
 2070              	.LCFI13:
 2071              		.cfi_def_cfa 11, 4
  80:../leds.c     **** 	status |=  LED2;
 2072              		.loc 1 80 0
 2073 019c 28309FE5 		ldr	r3, .L20
 2074 01a0 003093E5 		ldr	r3, [r3, #0]
 2075 01a4 022083E3 		orr	r2, r3, #2
 2076 01a8 1C309FE5 		ldr	r3, .L20
 2077 01ac 002083E5 		str	r2, [r3, #0]
  81:../leds.c     **** 	leds_display( status );
 2078              		.loc 1 81 0
 2079 01b0 14309FE5 		ldr	r3, .L20
 2080 01b4 003093E5 		ldr	r3, [r3, #0]
 2081 01b8 0300A0E1 		mov	r0, r3
 2082 01bc FEFFFFEB 		bl	leds_display
  82:../leds.c     **** }
 2083              		.loc 1 82 0
 2084 01c0 0CD04BE2 		sub	sp, fp, #12
 2085 01c4 00689DE8 		ldmfd	sp, {fp, sp, lr}
 2086 01c8 1EFF2FE1 		bx	lr
 2087              	.L21:
 2088              		.align	2
 2089              	.L20:
 2090 01cc 00000000 		.word	status
 2091              		.cfi_endproc
 2092              	.LFE6:
 2094              		.align	2
 2095              		.global	leds_switch
 2097              	leds_switch:
 2098              	.LFB7:
  83:../leds.c     **** 
  84:../leds.c     **** 
  85:../leds.c     **** void leds_switch( void ){
 2099              		.loc 1 85 0
 2100              		.cfi_startproc
 2101              		@ Function supports interworking.
 2102              		@ args = 0, pretend = 0, frame = 0
 2103              		@ frame_needed = 1, uses_anonymous_args = 0
 2104 01d0 0DC0A0E1 		mov	ip, sp
 2105              	.LCFI14:
 2106              		.cfi_def_cfa_register 12
 2107 01d4 00D82DE9 		stmfd	sp!, {fp, ip, lr, pc}
 2108 01d8 04B04CE2 		sub	fp, ip, #4
 2109              		.cfi_offset 14, -8
 2110              		.cfi_offset 13, -12
 2111              		.cfi_offset 11, -16
 2112              	.LCFI15:
 2113              		.cfi_def_cfa 11, 4
  86:../leds.c     **** 	status ^= (LED1 | LED2);
 2114              		.loc 1 86 0
 2115 01dc 28309FE5 		ldr	r3, .L23
 2116 01e0 003093E5 		ldr	r3, [r3, #0]
 2117 01e4 032023E2 		eor	r2, r3, #3
 2118 01e8 1C309FE5 		ldr	r3, .L23
 2119 01ec 002083E5 		str	r2, [r3, #0]
  87:../leds.c     **** 	leds_display( status );
 2120              		.loc 1 87 0
 2121 01f0 14309FE5 		ldr	r3, .L23
 2122 01f4 003093E5 		ldr	r3, [r3, #0]
 2123 01f8 0300A0E1 		mov	r0, r3
 2124 01fc FEFFFFEB 		bl	leds_display
  88:../leds.c     **** }
 2125              		.loc 1 88 0
 2126 0200 0CD04BE2 		sub	sp, fp, #12
 2127 0204 00689DE8 		ldmfd	sp, {fp, sp, lr}
 2128 0208 1EFF2FE1 		bx	lr
 2129              	.L24:
 2130              		.align	2
 2131              	.L23:
 2132 020c 00000000 		.word	status
 2133              		.cfi_endproc
 2134              	.LFE7:
 2136              		.align	2
 2137              		.global	leds_display
 2139              	leds_display:
 2140              	.LFB8:
  89:../leds.c     **** 
  90:../leds.c     **** void leds_display( unsigned int leds_status )
  91:../leds.c     **** {
 2141              		.loc 1 91 0
 2142              		.cfi_startproc
 2143              		@ Function supports interworking.
 2144              		@ args = 0, pretend = 0, frame = 8
 2145              		@ frame_needed = 1, uses_anonymous_args = 0
 2146 0210 0DC0A0E1 		mov	ip, sp
 2147              	.LCFI16:
 2148              		.cfi_def_cfa_register 12
 2149 0214 00D82DE9 		stmfd	sp!, {fp, ip, lr, pc}
 2150 0218 04B04CE2 		sub	fp, ip, #4
 2151              		.cfi_offset 14, -8
 2152              		.cfi_offset 13, -12
 2153              		.cfi_offset 11, -16
 2154              	.LCFI17:
 2155              		.cfi_def_cfa 11, 4
 2156 021c 08D04DE2 		sub	sp, sp, #8
 2157 0220 10000BE5 		str	r0, [fp, #-16]
  92:../leds.c     **** 	status = leds_status;
 2158              		.loc 1 92 0
 2159 0224 94309FE5 		ldr	r3, .L30
 2160 0228 10201BE5 		ldr	r2, [fp, #-16]
 2161 022c 002083E5 		str	r2, [r3, #0]
  93:../leds.c     **** 	
  94:../leds.c     **** 	// LED 1
  95:../leds.c     **** 	if( status & LED1 )
 2162              		.loc 1 95 0
 2163 0230 88309FE5 		ldr	r3, .L30
 2164 0234 003093E5 		ldr	r3, [r3, #0]
 2165 0238 013003E2 		and	r3, r3, #1
 2166 023c FF3003E2 		and	r3, r3, #255
 2167 0240 000053E3 		cmp	r3, #0
 2168 0244 0500000A 		beq	.L26
  96:../leds.c     **** 		rPDATB &= ~BIT_LED1;
 2169              		.loc 1 96 0
 2170 0248 74309FE5 		ldr	r3, .L30+4
 2171 024c 70209FE5 		ldr	r2, .L30+4
 2172 0250 002092E5 		ldr	r2, [r2, #0]
 2173 0254 022CC2E3 		bic	r2, r2, #512
 2174 0258 002083E5 		str	r2, [r3, #0]
 2175 025c 040000EA 		b	.L27
 2176              	.L26:
  97:../leds.c     **** 	else
  98:../leds.c     **** 		rPDATB |= BIT_LED1;
 2177              		.loc 1 98 0
 2178 0260 5C309FE5 		ldr	r3, .L30+4
 2179 0264 58209FE5 		ldr	r2, .L30+4
 2180 0268 002092E5 		ldr	r2, [r2, #0]
 2181 026c 022C82E3 		orr	r2, r2, #512
 2182 0270 002083E5 		str	r2, [r3, #0]
 2183              	.L27:
  99:../leds.c     **** 
 100:../leds.c     **** 	// LED 2
 101:../leds.c     **** 	if( status & LED2 )
 2184              		.loc 1 101 0
 2185 0274 44309FE5 		ldr	r3, .L30
 2186 0278 003093E5 		ldr	r3, [r3, #0]
 2187 027c 023003E2 		and	r3, r3, #2
 2188 0280 000053E3 		cmp	r3, #0
 2189 0284 0500000A 		beq	.L28
 102:../leds.c     **** 		rPDATB &= ~BIT_LED2;
 2190              		.loc 1 102 0
 2191 0288 34309FE5 		ldr	r3, .L30+4
 2192 028c 30209FE5 		ldr	r2, .L30+4
 2193 0290 002092E5 		ldr	r2, [r2, #0]
 2194 0294 012BC2E3 		bic	r2, r2, #1024
 2195 0298 002083E5 		str	r2, [r3, #0]
 2196 029c 040000EA 		b	.L25
 2197              	.L28:
 103:../leds.c     **** 	else
 104:../leds.c     **** 		rPDATB |= BIT_LED2;
 2198              		.loc 1 104 0
 2199 02a0 1C309FE5 		ldr	r3, .L30+4
 2200 02a4 18209FE5 		ldr	r2, .L30+4
 2201 02a8 002092E5 		ldr	r2, [r2, #0]
 2202 02ac 012B82E3 		orr	r2, r2, #1024
 2203 02b0 002083E5 		str	r2, [r3, #0]
 2204              	.L25:
 105:../leds.c     **** }
 2205              		.loc 1 105 0
 2206 02b4 0CD04BE2 		sub	sp, fp, #12
 2207 02b8 00689DE8 		ldmfd	sp, {fp, sp, lr}
 2208 02bc 1EFF2FE1 		bx	lr
 2209              	.L31:
 2210              		.align	2
 2211              	.L30:
 2212 02c0 00000000 		.word	status
 2213 02c4 0C00D201 		.word	30539788
 2214              		.cfi_endproc
 2215              	.LFE8:
 2217              	.Letext0:
DEFINED SYMBOLS
                            *ABS*:00000000 leds.c
C:\Users\JONATH~1\AppData\Local\Temp\ccfzHHdn.s:1791   .bss:00000000 $d
C:\Users\JONATH~1\AppData\Local\Temp\ccfzHHdn.s:1792   .bss:00000000 status
C:\Users\JONATH~1\AppData\Local\Temp\ccfzHHdn.s:1795   .text:00000000 $a
C:\Users\JONATH~1\AppData\Local\Temp\ccfzHHdn.s:1798   .text:00000000 leds_init
C:\Users\JONATH~1\AppData\Local\Temp\ccfzHHdn.s:2139   .text:00000210 leds_display
C:\Users\JONATH~1\AppData\Local\Temp\ccfzHHdn.s:1835   .text:00000040 $d
C:\Users\JONATH~1\AppData\Local\Temp\ccfzHHdn.s:1842   .text:00000050 $a
C:\Users\JONATH~1\AppData\Local\Temp\ccfzHHdn.s:1845   .text:00000050 switchLed1
C:\Users\JONATH~1\AppData\Local\Temp\ccfzHHdn.s:1880   .text:0000008c $d
C:\Users\JONATH~1\AppData\Local\Temp\ccfzHHdn.s:1884   .text:00000090 $a
C:\Users\JONATH~1\AppData\Local\Temp\ccfzHHdn.s:1887   .text:00000090 switchLed2
C:\Users\JONATH~1\AppData\Local\Temp\ccfzHHdn.s:1922   .text:000000cc $d
C:\Users\JONATH~1\AppData\Local\Temp\ccfzHHdn.s:1926   .text:000000d0 $a
C:\Users\JONATH~1\AppData\Local\Temp\ccfzHHdn.s:1929   .text:000000d0 led1_on
C:\Users\JONATH~1\AppData\Local\Temp\ccfzHHdn.s:1964   .text:0000010c $d
C:\Users\JONATH~1\AppData\Local\Temp\ccfzHHdn.s:1968   .text:00000110 $a
C:\Users\JONATH~1\AppData\Local\Temp\ccfzHHdn.s:1971   .text:00000110 led1_off
C:\Users\JONATH~1\AppData\Local\Temp\ccfzHHdn.s:2006   .text:0000014c $d
C:\Users\JONATH~1\AppData\Local\Temp\ccfzHHdn.s:2010   .text:00000150 $a
C:\Users\JONATH~1\AppData\Local\Temp\ccfzHHdn.s:2013   .text:00000150 led2_on
C:\Users\JONATH~1\AppData\Local\Temp\ccfzHHdn.s:2048   .text:0000018c $d
C:\Users\JONATH~1\AppData\Local\Temp\ccfzHHdn.s:2052   .text:00000190 $a
C:\Users\JONATH~1\AppData\Local\Temp\ccfzHHdn.s:2055   .text:00000190 led2_off
C:\Users\JONATH~1\AppData\Local\Temp\ccfzHHdn.s:2090   .text:000001cc $d
C:\Users\JONATH~1\AppData\Local\Temp\ccfzHHdn.s:2094   .text:000001d0 $a
C:\Users\JONATH~1\AppData\Local\Temp\ccfzHHdn.s:2097   .text:000001d0 leds_switch
C:\Users\JONATH~1\AppData\Local\Temp\ccfzHHdn.s:2132   .text:0000020c $d
C:\Users\JONATH~1\AppData\Local\Temp\ccfzHHdn.s:2136   .text:00000210 $a
C:\Users\JONATH~1\AppData\Local\Temp\ccfzHHdn.s:2212   .text:000002c0 $d
                     .debug_frame:00000010 $d

NO UNDEFINED SYMBOLS
