   1              	# 1 "../init.asm"
   1              	/*-----------------------------------------------------------------
   0              	
   0              	
   0              	
   2              	**
   3              	**  Fichero:
   4              	**    init.asm  10/6/2014
   5              	**
   6              	**    Fundamentos de Computadores
   7              	**    Dpto. de Arquitectura de Computadores y Automática
   8              	**    Facultad de Informática. Universidad Complutense de Madrid
   9              	**
  10              	**  Propósito:
  11              	**    Arranca un programa en C
  12              	**
  13              	**  Notas de diseño:
  14              	**
  15              	**---------------------------------------------------------------*/
  16              	
  17              	    .extern main
  18              		.global start
  19              	
  20              		.equ STACK, 0xc7ff000
  21              	
  22              	
  23              	start:
  24 0000 08D09FE5 		ldr sp, =STACK
  25 0004 00B0A0E3 		mov fp,#0
  26              	    
  27 0008 FEFFFFEB 	    bl main
  28              	
  29              	End:
  30 000c FEFFFFEA 	    B End
  31              	
  32 0010 00F07F0C 		.end
DEFINED SYMBOLS
         ../init.asm:23     .text:00000000 start
         ../init.asm:20     *ABS*:0c7ff000 STACK
         ../init.asm:24     .text:00000000 $a
         ../init.asm:29     .text:0000000c End
         ../init.asm:32     .text:00000010 $d
                   .debug_aranges:0000000c $d

UNDEFINED SYMBOLS
main
